Microsoft HTML Help Compiler 4.74.8702

Compiling e:\work\xerobot\XE\Docs\Pas\CHM\iFURYTradeServer.chm

images\alert_caution.gif
images\alert_note.gif
images\alert_security.gif
images\book-closed.png
images\book.png
images\box.gif
images\Caution.gif
images\circle.gif
images\collall.gif
images\collapse.gif
images\collapse_all.gif
images\collapsing.png
images\copycode.gif
images\copycodeHighlight.gif
images\dropdown.gif
images\dropdownHover.gif
images\drpdown.gif
images\drpdown_orange.gif
images\drpdown_orange_up.gif
images\drpup.gif
images\exp.gif
images\expall.gif
images\expand.gif
images\expanding.png
images\expand_all.gif
images\filter1a.gif
images\filter1c.gif
images\footer-bg.png
images\footer.gif
images\gradient.gif
images\greencheck.gif
images\greychck.gif
images\header-bg.png
images\hmtoggle_plus0.gif
images\hmtoggle_plus1.gif
images\iconErrorTop.png
images\ImageSprite.png
images\LastChild.gif
images\load.gif
images\load_hover.gif
images\namespace.png
images\note.gif
images\note.png
images\pencil.GIF
images\privclass.gif
images\privdelegate.gif
images\privenum.gif
images\privenumeration.gif
images\privenummember.png
images\privevent.gif
images\privextension.gif
images\privfield.gif
images\privinterface.gif
images\privmethod.gif
images\privproperty.gif
images\privstructure.gif
images\protclass.gif
images\protdelegate.gif
images\protenum.gif
images\protenumeration.gif
images\protenummember.png
images\protevent.gif
images\protextension.gif
images\protfield.gif
images\protinterface.gif
images\protmethod.gif
images\protoperator.gif
images\protproperty.gif
images\protstructure.gif
images\pubclass.gif
images\pubdelegate.gif
images\pubenum.gif
images\pubenumeration.gif
images\pubenummember.png
images\pubevent.gif
images\pubextension.gif
images\pubfield.gif
images\pubinterface.gif
images\pubmethod.gif
images\puboperator.gif
images\pubproperty.gif
images\pubstructure.gif
images\requirements1a.gif
images\requirements1c.gif
images\save.gif
images\save_hover.gif
images\security.gif
images\seealso1a.gif
images\seealso1c.gif
images\static.gif
images\topic.png
images\ui-bg_glass_65_ffffff_1x400.png
images\uiTabsArrow.png
images\vgrabber.gif
css\csshover3.htc
css\dynatree\0.png
css\dynatree\1.png
css\dynatree\10.png
css\dynatree\11.png
css\dynatree\12.png
css\dynatree\13.png
css\dynatree\14.png
css\dynatree\15.png
css\dynatree\16.png
css\dynatree\17.png
css\dynatree\18.png
css\dynatree\19.png
css\dynatree\2.png
css\dynatree\20.png
css\dynatree\21.png
css\dynatree\22.png
css\dynatree\23.png
css\dynatree\24.png
css\dynatree\25.png
css\dynatree\26.png
css\dynatree\27.png
css\dynatree\28.png
css\dynatree\29.png
css\dynatree\3.png
css\dynatree\30.png
css\dynatree\31.png
css\dynatree\32.png
css\dynatree\33.png
css\dynatree\34.png
css\dynatree\35.png
css\dynatree\36.png
css\dynatree\37.png
css\dynatree\38.png
css\dynatree\39.png
css\dynatree\4.png
css\dynatree\40.png
css\dynatree\41.png
css\dynatree\5.png
css\dynatree\6.png
css\dynatree\7.png
css\dynatree\8.png
css\dynatree\9.png
css\dynatree\icons.gif
css\dynatree\loading.gif
css\dynatree\ui.dynatree.css
css\dynatree\vline.gif
css\editor.css
css\highlighter.css
css\ielte8.css
css\presentation.css
css\reset.css
css\smoothness\images\animated-overlay.gif
css\smoothness\images\ui-bg_flat_0_aaaaaa_40x100.png
css\smoothness\images\ui-bg_flat_75_ffffff_40x100.png
css\smoothness\images\ui-bg_glass_55_fbf9ee_1x400.png
css\smoothness\images\ui-bg_glass_65_ffffff_1x400.png
css\smoothness\images\ui-bg_glass_75_dadada_1x400.png
css\smoothness\images\ui-bg_glass_75_e6e6e6_1x400.png
css\smoothness\images\ui-bg_glass_95_fef1ec_1x400.png
css\smoothness\images\ui-bg_highlight-soft_75_cccccc_1x100.png
css\smoothness\images\ui-icons_222222_256x240.png
css\smoothness\images\ui-icons_2e83ff_256x240.png
css\smoothness\images\ui-icons_454545_256x240.png
css\smoothness\images\ui-icons_888888_256x240.png
css\smoothness\images\ui-icons_cd0a0a_256x240.png
css\smoothness\jquery-ui.css
css\toc.css
js\di.designer.js
js\di.js
js\di.toc.js
js\highlight.min.js
js\jquery-migrate.min.js
js\jquery-ui.min.js
js\jquery.cookie.js
js\jquery.dynatree.min.js
js\jquery.min.js
js\jquery.textchange.min.js
js\splitter.js
iFURYTradeServer.hhc
iFURYTradeServer.hhk
iFURYTradeServer.htm
Ap.htm
ap_Records.htm
Ap.Complex.htm
Ap.Complex_Fields.htm
Ap.Complex.X.htm
Ap.Complex.Y.htm
ap_Types.htm
Ap.PDouble.htm
Ap.TBoolean1DArray.htm
Ap.TBoolean2DArray.htm
Ap.TComplex1DArray.htm
Ap.TComplex2DArray.htm
Ap.TInteger1DArray.htm
Ap.TInteger2DArray.htm
Ap.TReal1DArray.htm
Ap.TReal2DArray.htm
ap_Constants.htm
Ap.MachineEpsilon.htm
Ap.MaxRealNumber.htm
Ap.MinRealNumber.htm
ap_Routines.htm
Ap.AbsComplex.htm
Ap.AbsInt.htm
Ap.AbsReal.htm
Ap.APVAdd(PDouble,Integer,Integer,PDouble,Integer,Integer).htm
Ap.APVAdd(PDouble,Integer,Integer,PDouble,Integer,Integer,Real).htm
Ap.APVDotProduct.htm
Ap.APVMove(PDouble,Integer,Integer,PDouble,Integer,Integer).htm
Ap.APVMove(PDouble,Integer,Integer,PDouble,Integer,Integer,Double).htm
Ap.APVMoveNeg.htm
Ap.APVMul.htm
Ap.APVSub(PDouble,Integer,Integer,PDouble,Integer,Integer).htm
Ap.APVSub(PDouble,Integer,Integer,PDouble,Integer,Integer,Real).htm
Ap.Conj.htm
Ap.CSqr.htm
Ap.C_Add.htm
Ap.C_AddR.htm
Ap.C_Complex.htm
Ap.C_Div.htm
Ap.C_DivR.htm
Ap.C_Equal.htm
Ap.C_EqualR.htm
Ap.C_Mul.htm
Ap.C_MulR.htm
Ap.C_NotEqual.htm
Ap.C_NotEqualR.htm
Ap.C_Opposite.htm
Ap.C_RDiv.htm
Ap.C_RSub.htm
Ap.C_Sub.htm
Ap.C_SubR.htm
Ap.DynamicArrayCopy(TBoolean1DArray).htm
Ap.DynamicArrayCopy(TBoolean2DArray).htm
Ap.DynamicArrayCopy(TComplex1DArray).htm
Ap.DynamicArrayCopy(TComplex2DArray).htm
Ap.DynamicArrayCopy(TInteger1DArray).htm
Ap.DynamicArrayCopy(TInteger2DArray).htm
Ap.DynamicArrayCopy(TReal1DArray).htm
Ap.DynamicArrayCopy(TReal2DArray).htm
Ap.RandomInteger.htm
Ap.RandomReal.htm
Ap.Sign.htm
BackTesting.htm
BackTesting_Classes.htm
BackTesting.TfmBackTest.htm
BackTesting.TfmBackTest_Methods.htm
BackTesting.TfmBackTest.ApplicationEvents1Exception.htm
BackTesting.TfmBackTest.BitBtn2Click.htm
BackTesting.TfmBackTest.bStartClick.htm
BackTesting.TfmBackTest.bStartOneClick.htm
BackTesting.TfmBackTest.btnDelClick.htm
BackTesting.TfmBackTest.Button1Click.htm
BackTesting.TfmBackTest.Button4Click.htm
BackTesting.TfmBackTest.Button6Click.htm
BackTesting.TfmBackTest.ClearTGA.htm
BackTesting.TfmBackTest.DBGridEh1DrawColumnCell.htm
BackTesting.TfmBackTest.DBGridEh1GetCellParams.htm
BackTesting.TfmBackTest.FormCloseQuery.htm
BackTesting.TfmBackTest.FormCreate.htm
BackTesting.TfmBackTest.FormDestroy.htm
BackTesting.TfmBackTest.StopClick.htm
BackTesting.TfmBackTest.tmrRefreshBT_SrtragyTimer.htm
BackTesting.TfmBackTest_Fields.htm
BackTesting.TfmBackTest.ApplicationEvents1.htm
BackTesting.TfmBackTest.ApplicationEvents2.htm
BackTesting.TfmBackTest.BitBtn2.htm
BackTesting.TfmBackTest.bStart.htm
BackTesting.TfmBackTest.bStartOne.htm
BackTesting.TfmBackTest.btnDel.htm
BackTesting.TfmBackTest.Button1.htm
BackTesting.TfmBackTest.Button4.htm
BackTesting.TfmBackTest.Button6.htm
BackTesting.TfmBackTest.DBGrid2.htm
BackTesting.TfmBackTest.DBGridEh1.htm
BackTesting.TfmBackTest.Stop.htm
BackTesting.TfmBackTest.tmrRefreshBT_Srtragy.htm
BackTesting.TProgressOracle.htm
BackTesting.TProgressOracle_Methods.htm
BackTesting.TProgressOracle.DoControl.htm
BackTesting_Variables.htm
BackTesting.asset.htm
BackTesting.Cont.htm
BackTesting.fmBackTest.htm
BackTesting.t.htm
BackTesting.TGA_.htm
BackTesting_Routines.htm
BackTesting.CreateTClassGA.htm
BackTesting.FillTGAClass.htm
BackTesting.FillTGAClassTunes.htm
BackTesting.GetAsset.htm
BackTesting.GetParamsFixed.htm
BackTesting.GetParamsTGAClass.htm
BackTesting.RegisterStrategyTypes.htm
BackTestTune.htm
BackTestTune_Classes.htm
BackTestTune.TfmBTTune.htm
BackTestTune.TfmBTTune_Methods.htm
BackTestTune.TfmBTTune.bbDelClick.htm
BackTestTune.TfmBTTune.bCancelClick.htm
BackTestTune.TfmBTTune.bGaTuneClick.htm
BackTestTune.TfmBTTune.bOkClick.htm
BackTestTune.TfmBTTune.dbePSEUDO_NAMEEnter.htm
BackTestTune.TfmBTTune.dblkcbbSTRATEGY_MODULECloseUp.htm
BackTestTune.TfmBTTune.dblkcbbSTRATEGY_MODULEEnter.htm
BackTestTune.TfmBTTune_Fields.htm
BackTestTune.TfmBTTune.bbDel.htm
BackTestTune.TfmBTTune.bCancel.htm
BackTestTune.TfmBTTune.bGaTune.htm
BackTestTune.TfmBTTune.bOk.htm
BackTestTune.TfmBTTune.chkFULLSEARCH.htm
BackTestTune.TfmBTTune.chkLONGDEAL.htm
BackTestTune.TfmBTTune.chkMax.htm
BackTestTune.TfmBTTune.dbcbbTIME_FRAME.htm
BackTestTune.TfmBTTune.DBCheckBoxEh1.htm
BackTestTune.TfmBTTune.dbeComiss.htm
BackTestTune.TfmBTTune.dbeDAYSCOUNT.htm
BackTestTune.TfmBTTune.dbedtPSEUDO_NAME.htm
BackTestTune.TfmBTTune.dbedtTRUE_NAME.htm
BackTestTune.TfmBTTune.dbeMONEYSTART.htm
BackTestTune.TfmBTTune.dbePSEUDO_NAME.htm
BackTestTune.TfmBTTune.dbeVALUEFIXED.htm
BackTestTune.TfmBTTune.dbeVALUEFROM.htm
BackTestTune.TfmBTTune.dbeVALUETO.htm
BackTestTune.TfmBTTune.DBGrid2.htm
BackTestTune.TfmBTTune.dblkcbbBT_GA_TUNE_ID.htm
BackTestTune.TfmBTTune.dblkcbbPAPER_NO.htm
BackTestTune.TfmBTTune.edtDTFROM.htm
BackTestTune.TfmBTTune.edtDTTO.htm
BackTestTune.TfmBTTune.GroupBox1.htm
BackTestTune.TfmBTTune.GroupBox2.htm
BackTestTune.TfmBTTune.Label1.htm
BackTestTune.TfmBTTune.Label11.htm
BackTestTune.TfmBTTune.Label12.htm
BackTestTune.TfmBTTune.Label13.htm
BackTestTune.TfmBTTune.Label14.htm
BackTestTune.TfmBTTune.Label15.htm
BackTestTune.TfmBTTune.Label16.htm
BackTestTune.TfmBTTune.Label2.htm
BackTestTune.TfmBTTune.Label3.htm
BackTestTune.TfmBTTune.Label4.htm
BackTestTune.TfmBTTune.lbl1.htm
BackTestTune.TfmBTTune.lbl2.htm
BackTestTune.TfmBTTune.lbl3.htm
BackTestTune.TfmBTTune.lbl4.htm
BackTestTune_Variables.htm
BackTestTune.fmBTTune.htm
bdsvd.htm
bdsvd_Routines.htm
bdsvd.BidiagonalSVDDecomposition.htm
bdsvd.BidiagonalSVDDecompositionInternal.htm
bdsvd.ExtSignBDSQR.htm
bdsvd.RMatrixBDSVD.htm
bdsvd.Svd2X2.htm
bdsvd.SvdV2X2.htm
bidiagonal.htm
bidiagonal_Routines.htm
bidiagonal.MultiplyByPFromBidiagonal.htm
bidiagonal.MultiplyByQFromBidiagonal.htm
bidiagonal.RMatrixBD.htm
bidiagonal.RMatrixBDMultiplyByP.htm
bidiagonal.RMatrixBDMultiplyByQ.htm
bidiagonal.RMatrixBDUnpackDiagonals.htm
bidiagonal.RMatrixBDUnpackPT.htm
bidiagonal.RMatrixBDUnpackQ.htm
bidiagonal.ToBidiagonal.htm
bidiagonal.UnpackDiagonalsFromBidiagonal.htm
bidiagonal.UnpackPTFromBidiagonal.htm
bidiagonal.UnpackQFromBidiagonal.htm
blas.htm
blas_Routines.htm
blas.ColumnIdxAbsMax.htm
blas.CopyAndTranspose.htm
blas.CopyMatrix.htm
blas.InplaceTranspose.htm
blas.MatrixMatrixMultiply.htm
blas.MatrixVectorMultiply.htm
blas.Pythag2.htm
blas.RowIdxAbsMax.htm
blas.UpperHessenberg1Norm.htm
blas.VectorIdxAbsMax.htm
blas.VectorNorm2.htm
BTChart.htm
BTChart_Classes.htm
BTChart.TfmBTChart.htm
BTChart.TfmBTChart_Methods.htm
BTChart.TfmBTChart.bbEditClick.htm
BTChart.TfmBTChart.CalcWidthMarkDB.htm
BTChart.TfmBTChart.DBChart1Click.htm
BTChart.TfmBTChart.DBChartAfterDraw.htm
BTChart.TfmBTChart.DBChartResize.htm
BTChart.TfmBTChart.DBChartScroll.htm
BTChart.TfmBTChart.Excel1Click.htm
BTChart.TfmBTChart.FormClose.htm
BTChart.TfmBTChart.FormCreate.htm
BTChart.TfmBTChart.FormShow.htm
BTChart.TfmBTChart.pcDataChange.htm
BTChart.TfmBTChart.taDealsCalcFields.htm
BTChart.TfmBTChart_Fields.htm
BTChart.TfmBTChart.ActionList.htm
BTChart.TfmBTChart.bbCursor.htm
BTChart.TfmBTChart.bbEdit.htm
BTChart.TfmBTChart.bbExport.htm
BTChart.TfmBTChart.bbLast.htm
BTChart.TfmBTChart.bbpaData.htm
BTChart.TfmBTChart.bbScroll.htm
BTChart.TfmBTChart.btn1.htm
BTChart.TfmBTChart.btn2.htm
BTChart.TfmBTChart.btn7.htm
BTChart.TfmBTChart.btnDBChartPrint1.htm
BTChart.TfmBTChart.Button5.htm
BTChart.TfmBTChart.Button6.htm
BTChart.TfmBTChart.Button8.htm
BTChart.TfmBTChart.ChartActionEdit1.htm
BTChart.TfmBTChart.ChartEditor.htm
BTChart.TfmBTChart.cndlsrsSeries2.htm
BTChart.TfmBTChart.DBChart.htm
BTChart.TfmBTChart.DBChart1.htm
BTChart.TfmBTChart.dbChartCursor.htm
BTChart.TfmBTChart.DBChartEdit.htm
BTChart.TfmBTChart.DBChartHint.htm
BTChart.TfmBTChart.DBChartPrint.htm
BTChart.TfmBTChart.DBChartSave.htm
BTChart.TfmBTChart.dbgMain.htm
BTChart.TfmBTChart.dbgrdh1.htm
BTChart.TfmBTChart.dbgSignals.htm
BTChart.TfmBTChart.drwlntlChartTool1.htm
BTChart.TfmBTChart.dsDeals.htm
BTChart.TfmBTChart.dsMain.htm
BTChart.TfmBTChart.dsSignals.htm
BTChart.TfmBTChart.DT.htm
BTChart.TfmBTChart.dtmfldDealsDateClosePosition.htm
BTChart.TfmBTChart.dtmfldDealsDateOpenPosition.htm
BTChart.TfmBTChart.Excel1.htm
BTChart.TfmBTChart.extndfldVirtualTablevVolume.htm
BTChart.TfmBTChart.Finres.htm
BTChart.TfmBTChart.fltfldDealsDaysCount.htm
BTChart.TfmBTChart.fltfldDealsMoneyBefor.htm
BTChart.TfmBTChart.fltfldDealsMoneyRest.htm
BTChart.TfmBTChart.fltfldDealsPriceClose.htm
BTChart.TfmBTChart.fltfldDealsPriceOpen.htm
BTChart.TfmBTChart.fltfldDealsProfitMoney.htm
BTChart.TfmBTChart.fltfldDealsProfitPercent.htm
BTChart.TfmBTChart.ImageCollection1.htm
BTChart.TfmBTChart.intgrfldDealsAssetCount.htm
BTChart.TfmBTChart.lrgntfldDealsAssetIdClose.htm
BTChart.TfmBTChart.lrgntfldDealsAssetIdOpen.htm
BTChart.TfmBTChart.lrgntfldIndikatorsid.htm
BTChart.TfmBTChart.meDeals.htm
BTChart.TfmBTChart.meError.htm
BTChart.TfmBTChart.meStragegyInfo.htm
BTChart.TfmBTChart.N1.htm
BTChart.TfmBTChart.PageControl1.htm
BTChart.TfmBTChart.pcData.htm
BTChart.TfmBTChart.pm.htm
BTChart.TfmBTChart.PopupMenu.htm
BTChart.TfmBTChart.price.htm
BTChart.TfmBTChart.sBuy_.htm
BTChart.TfmBTChart.sCandle_.htm
BTChart.TfmBTChart.ScrollPager.htm
BTChart.TfmBTChart.se.htm
BTChart.TfmBTChart.Series1.htm
BTChart.TfmBTChart.SeriesTextSource1.htm
BTChart.TfmBTChart.sFinres.htm
BTChart.TfmBTChart.signal.htm
BTChart.TfmBTChart.sInd1.htm
BTChart.TfmBTChart.sInd2.htm
BTChart.TfmBTChart.spl1.htm
BTChart.TfmBTChart.sSell_.htm
BTChart.TfmBTChart.strngfldDealsSignalClose.htm
BTChart.TfmBTChart.strngfldDealsSignalOpen.htm
BTChart.TfmBTChart.strngfldDealsStatus.htm
BTChart.TfmBTChart.sVolume_.htm
BTChart.TfmBTChart.taDeals.htm
BTChart.TfmBTChart.taIndikators.htm
BTChart.TfmBTChart.taIndikatorsdt.htm
BTChart.TfmBTChart.taIndikatorsind2.htm
BTChart.TfmBTChart.taIndikatorsvInd1.htm
BTChart.TfmBTChart.taIndikatorsvXlabel.htm
BTChart.TfmBTChart.taSignals.htm
BTChart.TfmBTChart.TeeXMLSource1.htm
BTChart.TfmBTChart.tlb1.htm
BTChart.TfmBTChart.ToolButton2.htm
BTChart.TfmBTChart.ts1.htm
BTChart.TfmBTChart.ts2.htm
BTChart.TfmBTChart.ts3.htm
BTChart.TfmBTChart.tsDeals.htm
BTChart.TfmBTChart.tshMain.htm
BTChart.TfmBTChart.tshSignals.htm
BTChart.TfmBTChart.tshStrategy.htm
BTChart.TfmBTChart.VirtualTable.htm
BTChart.TfmBTChart.VirtualTableASSETID.htm
BTChart.TfmBTChart.VirtualTableDT.htm
BTChart.TfmBTChart.VirtualTablePRICE.htm
BTChart.TfmBTChart.VirtualTableSIGNAL.htm
BTChart.TfmBTChart.VirtualTablevBuy.htm
BTChart.TfmBTChart.VirtualTablevClose.htm
BTChart.TfmBTChart.VirtualTablevDate.htm
BTChart.TfmBTChart.VirtualTablevHigh.htm
BTChart.TfmBTChart.VirtualTablevInd1.htm
BTChart.TfmBTChart.VirtualTablevInd2.htm
BTChart.TfmBTChart.VirtualTablevLow.htm
BTChart.TfmBTChart.VirtualTablevOpen.htm
BTChart.TfmBTChart.VirtualTablevSell.htm
BTChart.TfmBTChart.VirtualTablevXlabel.htm
BTChart.TfmBTChart.vrtlmglst1.htm
BTChart_Variables.htm
BTChart.DealArray.htm
BTChart.fmBTChart.htm
BTPARAMSFILL.htm
BTPARAMSFILL_Classes.htm
BTPARAMSFILL.TfmBTPARAMSFILL.htm
BTPARAMSFILL.TfmBTPARAMSFILL_Methods.htm
BTPARAMSFILL.TfmBTPARAMSFILL.bOkClick.htm
BTPARAMSFILL.TfmBTPARAMSFILL_Fields.htm
BTPARAMSFILL.TfmBTPARAMSFILL.bCancel.htm
BTPARAMSFILL.TfmBTPARAMSFILL.bOk.htm
BTPARAMSFILL.TfmBTPARAMSFILL.dbg1.htm
BTPARAMSFILL.TfmBTPARAMSFILL.dblkcbbSTRATEGY_MODULE.htm
BTPARAMSFILL_Variables.htm
BTPARAMSFILL.fmBTPARAMSFILL.htm
Catalina.htm
Catalina_Classes.htm
Catalina.TCatalinaClass.htm
Catalina.TCatalinaClass_Constructors.htm
Catalina.TCatalinaClass.create.htm
Catalina.TCatalinaClass.Destroy.htm
Catalina.TCatalinaClass_Properties.htm
Catalina.TCatalinaClass.Asset.htm
Catalina.TCatalinaClass.SignalStorage.htm
Catalina.TCatalinaClass.Temp.htm
Catalina.TCatalinaClass_Methods.htm
Catalina.TCatalinaClass.execute.htm
Catalina.TCatalinaClass.FindInd.htm
Catalina.TCatalinaClass.GetAsset.htm
Catalina.TCatalinaClass.getCurrentDecision.htm
Catalina.TCatalinaClass.GetIndDict.htm
Catalina.TCatalinaClass.GetSignalStorage.htm
Catalina.TCatalinaClass.SetAsset.htm
Catalina.TCatalinaClass.SetIndDict.htm
Catalina.TCatalinaClass.SetSignalStorage.htm
Catalina.TCatalinaClass_Fields.htm
Catalina.TCatalinaClass.dema1Indicator.htm
Catalina.TCatalinaClass.dema2Indicator.htm
Catalina.TCatalinaClass.fAsset.htm
Catalina.TCatalinaClass.FastPeriod.htm
Catalina.TCatalinaClass.fDict.htm
Catalina.TCatalinaClass.FOnMyEvent.htm
Catalina.TCatalinaClass.fSignalStorage.htm
Catalina.TCatalinaClass.fTemp.htm
Catalina.TCatalinaClass.SlowPeriod.htm
Catalina_Records.htm
Catalina.EMAIndicator.htm
Catalina.EMAIndicator_Constructors.htm
Catalina.EMAIndicator.create.htm
Catalina.EMAIndicator_Methods.htm
Catalina.EMAIndicator.init.htm
Catalina.EMAIndicator.new_value.htm
Catalina.EMAIndicator.update_value.htm
Catalina.EMAIndicator_Fields.htm
Catalina.EMAIndicator.method.htm
Catalina.EMAIndicator.num_periods.htm
Catalina.EMAIndicator.storage.htm
Catalina.EMAIndicator.value.htm
Catalina.TDEMAIndicator.htm
Catalina.TDEMAIndicator_Constructors.htm
Catalina.TDEMAIndicator.create.htm
Catalina.TDEMAIndicator_Methods.htm
Catalina.TDEMAIndicator.getDelayedValue.htm
Catalina.TDEMAIndicator.init.htm
Catalina.TDEMAIndicator.new_value.htm
Catalina.TDEMAIndicator.update_value.htm
Catalina.TDEMAIndicator_Fields.htm
Catalina.TDEMAIndicator.emaIndicator1.htm
Catalina.TDEMAIndicator.emaIndicator2.htm
Catalina.TDEMAIndicator.method.htm
Catalina.TDEMAIndicator.num_periods.htm
Catalina.TDEMAIndicator.storage.htm
Catalina.TDEMAIndicator.value.htm
Catalina.TEMAIndicator.htm
Catalina.TEMAIndicator_Constructors.htm
Catalina.TEMAIndicator.create.htm
Catalina.TEMAIndicator_Methods.htm
Catalina.TEMAIndicator.getDelayedValue.htm
Catalina.TEMAIndicator.init.htm
Catalina.TEMAIndicator.new_value.htm
Catalina.TEMAIndicator.update_value.htm
Catalina.TEMAIndicator_Fields.htm
Catalina.TEMAIndicator.emaIndicator1.htm
Catalina.TEMAIndicator.emaIndicator2.htm
Catalina.TEMAIndicator.emaIndicator3.htm
Catalina.TEMAIndicator.method.htm
Catalina.TEMAIndicator.num_periods.htm
Catalina.TEMAIndicator.storage.htm
Catalina.TEMAIndicator.value.htm
CommonTypes.htm
CommonTypes_Classes.htm
CommonTypes.EDataBaseError.htm
CommonTypes.EStrategyError.htm
CommonTypes.EWrongParameteres.htm
CommonTypes.TCalcProfit.htm
CommonTypes.TCalcProfit_Methods.htm
CommonTypes.TCalcProfit.CalcProfitNew.htm
CommonTypes.TDealRClass.htm
CommonTypes.TDealRClass_Constructors.htm
CommonTypes.TDealRClass.Destroy.htm
CommonTypes.TDealRClass_Properties.htm
CommonTypes.TDealRClass.Asset.htm
CommonTypes.TDealRClass.Comis.htm
CommonTypes.TDealRClass.Deals.htm
CommonTypes.TDealRClass.Ind.htm
CommonTypes.TDealRClass.Long.htm
CommonTypes.TDealRClass.Short.htm
CommonTypes.TDealRClass.Signals.htm
CommonTypes.TDealRClass.StopLoss.htm
CommonTypes.TDealRClass.Strategy.htm
CommonTypes.TDealRClass.StrategyModuleName.htm
CommonTypes.TDealRClass.TakeProfit.htm
CommonTypes.TDealRClass_Methods.htm
CommonTypes.TDealRClass.BackToMoney.htm
CommonTypes.TDealRClass.Buy.htm
CommonTypes.TDealRClass.CheckStopLoss.htm
CommonTypes.TDealRClass.CheckTakeProfit.htm
CommonTypes.TDealRClass.GetAsset.htm
CommonTypes.TDealRClass.GetComis.htm
CommonTypes.TDealRClass.GetDeals.htm
CommonTypes.TDealRClass.GetInd.htm
CommonTypes.TDealRClass.GetLong.htm
CommonTypes.TDealRClass.GetShort.htm
CommonTypes.TDealRClass.GetSignals.htm
CommonTypes.TDealRClass.GetStopLoss.htm
CommonTypes.TDealRClass.GetStrategy.htm
CommonTypes.TDealRClass.GetStrategyModuleName.htm
CommonTypes.TDealRClass.GetTakeProfit.htm
CommonTypes.TDealRClass.GetTxt.htm
CommonTypes.TDealRClass.ReturnDeals.htm
CommonTypes.TDealRClass.Sell.htm
CommonTypes.TDealRClass.SetAsset.htm
CommonTypes.TDealRClass.SetComis.htm
CommonTypes.TDealRClass.SetDeals.htm
CommonTypes.TDealRClass.SetInd.htm
CommonTypes.TDealRClass.SetLong.htm
CommonTypes.TDealRClass.SetShort.htm
CommonTypes.TDealRClass.SetSignals.htm
CommonTypes.TDealRClass.SetStopLoss.htm
CommonTypes.TDealRClass.SetStrategy.htm
CommonTypes.TDealRClass.SetStrategyModuleName.htm
CommonTypes.TDealRClass.SetTakeProfit.htm
CommonTypes.TDealRClass_Fields.htm
CommonTypes.TDealRClass.fAsset.htm
CommonTypes.TDealRClass.fComis.htm
CommonTypes.TDealRClass.fDeals.htm
CommonTypes.TDealRClass.fInd.htm
CommonTypes.TDealRClass.fLong.htm
CommonTypes.TDealRClass.fShort.htm
CommonTypes.TDealRClass.fSignals.htm
CommonTypes.TDealRClass.fStopLoss.htm
CommonTypes.TDealRClass.fStrategy.htm
CommonTypes.TDealRClass.fStrategyModuleName.htm
CommonTypes.TDealRClass.fTakeProfit.htm
CommonTypes.TListParamFinRez.htm
CommonTypes.TListParamFinRez_Constructors.htm
CommonTypes.TListParamFinRez.Destroy.htm
CommonTypes.TListParamFinRez_Methods.htm
CommonTypes.TListParamFinRez.AddListParam.htm
CommonTypes.TListParamFinRez.CopyParam.htm
CommonTypes.TListParamFinRez.DeleteRangeR.htm
CommonTypes.TListParamFinRez.IndExists.htm
CommonTypes.TListParamFinRez.MakeChildListParam.htm
CommonTypes.TParamList.htm
CommonTypes.TParamList_Methods.htm
CommonTypes.TParamList.CopyParam.htm
CommonTypes.TParamList.IndExists.htm
CommonTypes.TParamList.ParamByName.htm
CommonTypes_Records.htm
CommonTypes.TAssetRecord.htm
CommonTypes.TAssetRecord_Fields.htm
CommonTypes.TAssetRecord.emitent.htm
CommonTypes.TAssetRecord.init_begin_date.htm
CommonTypes.TAssetRecord.init_end_date.htm
CommonTypes.TAssetRecord.paper_no.htm
CommonTypes.TAssetRecord.tClose.htm
CommonTypes.TAssetRecord.tHigh.htm
CommonTypes.TAssetRecord.ticker_name.htm
CommonTypes.TAssetRecord.timeFrame.htm
CommonTypes.TAssetRecord.tLow.htm
CommonTypes.TAssetRecord.tOpen.htm
CommonTypes.TAssetRecord.tVolume.htm
CommonTypes.TAssetRecord.vDateTime.htm
CommonTypes.TIndParam.htm
CommonTypes.TIndParam_Methods.htm
CommonTypes.TIndParam.Create.htm
CommonTypes.TIndParam.CreateRange.htm
CommonTypes.TIndParam_Fields.htm
CommonTypes.TIndParam.pName.htm
CommonTypes.TIndParam.pStride.htm
CommonTypes.TIndParam.pValueFixed.htm
CommonTypes.TIndParam.pValueFrom.htm
CommonTypes.TIndParam.pValueTo.htm
CommonTypes.TOneDealRClass.htm
CommonTypes.TOneDealRClass_Methods.htm
CommonTypes.TOneDealRClass.Create.htm
CommonTypes.TOneDealRClass.GetTxt.htm
CommonTypes.TOneDealRClass.MakeFirst.htm
CommonTypes.TOneDealRClass.MakeLast.htm
CommonTypes.TOneDealRClass_Fields.htm
CommonTypes.TOneDealRClass.AssetCount.htm
CommonTypes.TOneDealRClass.AssetIdClose.htm
CommonTypes.TOneDealRClass.AssetIdOpen.htm
CommonTypes.TOneDealRClass.DateClosePosition.htm
CommonTypes.TOneDealRClass.DateOpenPosition.htm
CommonTypes.TOneDealRClass.MoneyBefor.htm
CommonTypes.TOneDealRClass.MoneyRest.htm
CommonTypes.TOneDealRClass.PriceClose.htm
CommonTypes.TOneDealRClass.PriceOpen.htm
CommonTypes.TOneDealRClass.SignalClose.htm
CommonTypes.TOneDealRClass.SignalOPen.htm
CommonTypes.TOneDealRClass.Status.htm
CommonTypes.TParamFinRez.htm
CommonTypes.TParamFinRez_Fields.htm
CommonTypes.TParamFinRez.FinRez.htm
CommonTypes.TParamFinRez.Param.htm
CommonTypes.TSignalRecord.htm
CommonTypes.TSignalRecord_Methods.htm
CommonTypes.TSignalRecord.Create.htm
CommonTypes.TSignalRecord_Fields.htm
CommonTypes.TSignalRecord.Dt.htm
CommonTypes.TSignalRecord.Id.htm
CommonTypes.TSignalRecord.price.htm
CommonTypes.TSignalRecord.Sg.htm
CommonTypes_Interfaces.htm
CommonTypes.IDealRClass.htm
CommonTypes.IDealRClass_Properties.htm
CommonTypes.IDealRClass.Asset.htm
CommonTypes.IDealRClass.Comis.htm
CommonTypes.IDealRClass.Deals.htm
CommonTypes.IDealRClass.Ind.htm
CommonTypes.IDealRClass.Long.htm
CommonTypes.IDealRClass.Short.htm
CommonTypes.IDealRClass.Signals.htm
CommonTypes.IDealRClass.StopLoss.htm
CommonTypes.IDealRClass.Strategy.htm
CommonTypes.IDealRClass.StrategyModuleName.htm
CommonTypes.IDealRClass.TakeProfit.htm
CommonTypes.IDealRClass_Methods.htm
CommonTypes.IDealRClass.BackToMoney.htm
CommonTypes.IDealRClass.Buy.htm
CommonTypes.IDealRClass.CheckStopLoss.htm
CommonTypes.IDealRClass.CheckTakeProfit.htm
CommonTypes.IDealRClass.GetAsset.htm
CommonTypes.IDealRClass.GetComis.htm
CommonTypes.IDealRClass.GetDeals.htm
CommonTypes.IDealRClass.GetInd.htm
CommonTypes.IDealRClass.GetLong.htm
CommonTypes.IDealRClass.GetShort.htm
CommonTypes.IDealRClass.GetSignals.htm
CommonTypes.IDealRClass.GetStopLoss.htm
CommonTypes.IDealRClass.GetStrategy.htm
CommonTypes.IDealRClass.GetStrategyModuleName.htm
CommonTypes.IDealRClass.GetTakeProfit.htm
CommonTypes.IDealRClass.Sell.htm
CommonTypes.IDealRClass.SetAsset.htm
CommonTypes.IDealRClass.SetComis.htm
CommonTypes.IDealRClass.SetDeals.htm
CommonTypes.IDealRClass.SetInd.htm
CommonTypes.IDealRClass.SetLong.htm
CommonTypes.IDealRClass.SetShort.htm
CommonTypes.IDealRClass.SetSignals.htm
CommonTypes.IDealRClass.SetStopLoss.htm
CommonTypes.IDealRClass.SetStrategy.htm
CommonTypes.IDealRClass.SetStrategyModuleName.htm
CommonTypes.IDealRClass.SetTakeProfit.htm
CommonTypes.IStrategy.htm
CommonTypes.IStrategy_Properties.htm
CommonTypes.IStrategy.Asset.htm
CommonTypes.IStrategy.IndDict.htm
CommonTypes.IStrategy.SignalStorage.htm
CommonTypes.IStrategy_Methods.htm
CommonTypes.IStrategy.Execute.htm
CommonTypes.IStrategy.GetAsset.htm
CommonTypes.IStrategy.GetIndDict.htm
CommonTypes.IStrategy.GetSignalStorage.htm
CommonTypes.IStrategy.SetAsset.htm
CommonTypes.IStrategy.SetIndDict.htm
CommonTypes.IStrategy.SetSignalStorage.htm
CommonTypes_Types.htm
CommonTypes.AOR.htm
CommonTypes.SAR.htm
CommonTypes.TArrayDealsClass.htm
CommonTypes_Constants.htm
CommonTypes.StopLossConst.htm
CommonTypes.TakeProfitConst.htm
dmunit.htm
dmunit_Classes.htm
dmunit.TDM.htm
dmunit.TDM_Methods.htm
dmunit.TDM.alerterEvent.htm
dmunit.TDM.CheckConnection.htm
dmunit.TDM.ConnectDataBase.htm
dmunit.TDM.DataModuleCreate.htm
dmunit.TDM.DataModuleDestroy.htm
dmunit.TDM.localSessionConnectionLost.htm
dmunit.TDM.localSessionError.htm
dmunit.TDM.tmrAlertTimer.htm
dmunit.TDM_Fields.htm
dmunit.TDM.acceptAlert.htm
dmunit.TDM.addModellingSignalStops.htm
dmunit.TDM.addSignal.htm
dmunit.TDM.addTradeSignal.htm
dmunit.TDM.alerter.htm
dmunit.TDM.alertMDIListnerNewData.htm
dmunit.TDM.cnctdlg1.htm
dmunit.TDM.connected.htm
dmunit.TDM.Dest.htm
dmunit.TDM.dsORABET_BT_GA_TUNE.htm
dmunit.TDM.dsORABET_BT_PAPERS.htm
dmunit.TDM.dsORABET_BT_PARAMS.htm
dmunit.TDM.dsORABET_BT_STrategy.htm
dmunit.TDM.dsORABET_BT_STRATEGY_MODULE.htm
dmunit.TDM.dsORABET_BT_STRATEGY_MODULE_PARAMS.htm
dmunit.TDM.ds_ORABET_PSEUDO_SYSTEM.htm
dmunit.TDM.ds_ORABET_SYS_PARAMS.htm
dmunit.TDM.fltfldNewBtStrategyBT_STRATEGY_MODULE_ID.htm
dmunit.TDM.fltfldNewBtStrategyCALC_FINISHED.htm
dmunit.TDM.fltfldNewBtStrategyID.htm
dmunit.TDM.fltfldNewBtStrategyPAPER_NO.htm
dmunit.TDM.fltfldORABET_BT_GA_TUNECHILDSCOUNT.htm
dmunit.TDM.fltfldORABET_BT_GA_TUNECOMISSIONSIZE.htm
dmunit.TDM.fltfldORABET_BT_GA_TUNEDIFFPERCENTCHILDS.htm
dmunit.TDM.fltfldORABET_BT_GA_TUNEFIRSTGENERETIONSIZE.htm
dmunit.TDM.fltfldORABET_BT_GA_TUNEID.htm
dmunit.TDM.fltfldORABET_BT_GA_TUNELONGDEAL.htm
dmunit.TDM.fltfldORABET_BT_GA_TUNEPERCENTAREAEXPAN.htm
dmunit.TDM.fltfldORABET_BT_GA_TUNEPERCENTNOTRELATIVES.htm
dmunit.TDM.fltfldORABET_BT_GA_TUNESHORTDEAL.htm
dmunit.TDM.fltfldORABET_BT_GA_TUNESTEPCOUNT.htm
dmunit.TDM.fltfldORABET_BT_GA_TUNESTOPLOSSFIXEDPARAM.htm
dmunit.TDM.fltfldORABET_BT_GA_TUNETAKEPROFITFIXEDPARAM.htm
dmunit.TDM.fltfldORABET_BT_PARAMSID.htm
dmunit.TDM.fltfldORABET_BT_PARAMSSTRATEGY_ID.htm
dmunit.TDM.fltfldORABET_BT_PARAMSVALUEFIXED.htm
dmunit.TDM.fltfldORABET_BT_PARAMSVALUEFROM.htm
dmunit.TDM.fltfldORABET_BT_PARAMSVALUETO.htm
dmunit.TDM.fltfldORABET_BT_STrategyBT_GA_TUNE_ID.htm
dmunit.TDM.fltfldORABET_BT_STrategyCOMISSIONSIZE.htm
dmunit.TDM.fltfldORABET_BT_STrategyDAYSCOUNT.htm
dmunit.TDM.fltfldORABET_BT_STrategyFINRES.htm
dmunit.TDM.fltfldORABET_BT_STrategyMONEYSTART.htm
dmunit.TDM.fltfldOraQuery1BT_STRATEGY_MODULE_ID.htm
dmunit.TDM.fltfldOraQuery1CALC_FINISHED.htm
dmunit.TDM.fltfldOraQuery1ID.htm
dmunit.TDM.fltfldOraQuery1PAPER_NO.htm
dmunit.TDM.fltfld_ORABET_PSEUDOSYSTEMBT_STRATEGY_MODULE_ID.htm
dmunit.TDM.getAllMailMailingList.htm
dmunit.TDM.getCatalinaParams.htm
dmunit.TDM.getisNeedCreation.htm
dmunit.TDM.getPriceByDate60.htm
dmunit.TDM.getTEMAParams.htm
dmunit.TDM.Ini.htm
dmunit.TDM.intgrfldORABET_BT_PARAMSNECESSARILY.htm
dmunit.TDM.intgrfldORABET_BT_STrategyFULLSEARCH.htm
dmunit.TDM.intgrfldORABET_BT_STrategyLONGDEAL.htm
dmunit.TDM.intgrfldORABET_BT_STrategyMINMAX.htm
dmunit.TDM.intgrfldORABET_BT_STrategySHORTDEAL.htm
dmunit.TDM.loadLinkedOrderFormDB.htm
dmunit.TDM.localSession.htm
dmunit.TDM.OraAlerter1.htm
dmunit.TDM.OraErrorHandler1.htm
dmunit.TDM.OraPackage1.htm
dmunit.TDM.orpckg1.htm
dmunit.TDM.ortmstmpfldORABET_BT_STrategyDTFROM.htm
dmunit.TDM.ortmstmpfldORABET_BT_STrategyDTTO.htm
dmunit.TDM.qrORABET_BT_GA_TUNE.htm
dmunit.TDM.qrORABET_BT_PAPERS.htm
dmunit.TDM.qrORABET_BT_PARAMS.htm
dmunit.TDM.qrORABET_BT_STRATEGY_MODULE.htm
dmunit.TDM.qrORABET_BT_STRATEGY_MODULE_PARAMS.htm
dmunit.TDM.quORABET_BT_STrategy.htm
dmunit.TDM.qu_ORABET_PSEUDOSYSTEM.htm
dmunit.TDM.qu_ORABET_PSEUDOSYSTEMASSET.htm
dmunit.TDM.qu_ORABET_PSEUDOSYSTEMBCS_PORT.htm
dmunit.TDM.qu_ORABET_PSEUDOSYSTEMID.htm
dmunit.TDM.qu_ORABET_PSEUDOSYSTEMIS_FUT.htm
dmunit.TDM.qu_ORABET_PSEUDOSYSTEMIS_NEED_CREATION.htm
dmunit.TDM.qu_ORABET_PSEUDOSYSTEMK.htm
dmunit.TDM.qu_ORABET_PSEUDOSYSTEMLOTS.htm
dmunit.TDM.qu_ORABET_PSEUDOSYSTEMNUMPERIODS.htm
dmunit.TDM.qu_ORABET_PSEUDOSYSTEMOPEN_PORT.htm
dmunit.TDM.qu_ORABET_PSEUDOSYSTEMPAPER_NO.htm
dmunit.TDM.qu_ORABET_PSEUDOSYSTEMPSEUDO_NAME.htm
dmunit.TDM.qu_ORABET_PSEUDOSYSTEMROUND.htm
dmunit.TDM.qu_ORABET_PSEUDOSYSTEMSIGNAL_RESOLVED.htm
dmunit.TDM.qu_ORABET_PSEUDOSYSTEMTIME_FRAME.htm
dmunit.TDM.qu_ORABET_PSEUDOSYSTEMTRUE_NAME.htm
dmunit.TDM.qu_ORABET_Sys_Params.htm
dmunit.TDM.storeLinkedOrderToDB.htm
dmunit.TDM.storeTradersAsset.htm
dmunit.TDM.stpALFADIRECT_PACK_CHECKSTRATEGYEXISTS.htm
dmunit.TDM.stpGeAssetByDate_.htm
dmunit.TDM.stpGetAssetByDate.htm
dmunit.TDM.stpGETBTPARAMBYID.htm
dmunit.TDM.stpGETBTSTRATEGYBYID.htm
dmunit.TDM.stpGETBTTUNEBYID.htm
dmunit.TDM.stpGetSytemSignalByStrategy.htm
dmunit.TDM.stpLastData15ByDateTime.htm
dmunit.TDM.stpNewBtStrategy.htm
dmunit.TDM.stpORABET_ALFADIRECT_PACK_COPYSTRATEGYFROMBT.htm
dmunit.TDM.stpPutAlertNewData.htm
dmunit.TDM.stpSETBTPARAMRESULT.htm
dmunit.TDM.stpSETBTSTATUS.htm
dmunit.TDM.strngfldNewBtStrategyPSEUDO_NAME.htm
dmunit.TDM.strngfldNewBtStrategyStrategy_Module.htm
dmunit.TDM.strngfldNewBtStrategyTicker.htm
dmunit.TDM.strngfldNewBtStrategyTIME_FRAME.htm
dmunit.TDM.strngfldNewBtStrategyTRUE_NAME.htm
dmunit.TDM.strngfldORABET_BT_GA_TUNETUNENAME.htm
dmunit.TDM.strngfldORABET_BT_PARAMSPARAM_NAME.htm
dmunit.TDM.strngfldORABET_BT_STrategyBT_GA_TUNE.htm
dmunit.TDM.strngfldORABET_BT_STrategySTATUS.htm
dmunit.TDM.strngfldOraQuery1PSEUDO_NAME.htm
dmunit.TDM.strngfldOraQuery1STRATEGY_MODULE.htm
dmunit.TDM.strngfldOraQuery1TICKER.htm
dmunit.TDM.strngfldOraQuery1TIME_FRAME.htm
dmunit.TDM.strngfldOraQuery1TRUE_NAME.htm
dmunit.TDM.strngfld_ORABET_PSEUDOSYSTEMSTRATEGYNAME.htm
dmunit.TDM.tmrAlert.htm
dmunit_Variables.htm
dmunit.DM.htm
dtypes.htm
dtypes_Classes.htm
dtypes.CatalinaDecMaker.htm
dtypes.CatalinaDecMaker_Methods.htm
dtypes.CatalinaDecMaker.getDecision.htm
dtypes.CatalinaStrategy.htm
dtypes.CatalinaStrategy_Constructors.htm
dtypes.CatalinaStrategy.Create.htm
dtypes.CatalinaStrategy.destroy.htm
dtypes.CatalinaStrategy_Methods.htm
dtypes.CatalinaStrategy.getCurrentDecision.htm
dtypes.CatalinaStrategy.getOptPars.htm
dtypes.CatalinaStrategy.insertData.htm
dtypes.CatalinaStrategy.updateData.htm
dtypes.CatalinaStrategy_Fields.htm
dtypes.CatalinaStrategy.dec.htm
dtypes.CatalinaStrategy.decisionMaker.htm
dtypes.CatalinaStrategy.dema1Indicator.htm
dtypes.CatalinaStrategy.dema2Indicator.htm
dtypes.CatalinaStrategy.fastPeriod.htm
dtypes.CatalinaStrategy.slowPeriod.htm
dtypes.Gridz.htm
dtypes.Gridz_Constructors.htm
dtypes.Gridz.Create(TStringGrid).htm
dtypes.Gridz_Methods.htm
dtypes.Gridz.clearGrid.htm
dtypes.Gridz.fSGtoAOAOR.htm
dtypes.Gridz.getColAddrByHeader.htm
dtypes.Gridz.LAOAORFFN.htm
dtypes.Gridz.LAOAOVFFN.htm
dtypes.Gridz.LAORFFN.htm
dtypes.Gridz.LSGFAOAOR.htm
dtypes.Gridz.LSGFFN.htm
dtypes.Gridz.SAOAOVTFN.htm
dtypes.Gridz.select.htm
dtypes.Gridz.SGtoAOAOR.htm
dtypes.Gridz.SSGTFN.htm
dtypes.Gridz_Fields.htm
dtypes.Gridz.Grid.htm
dtypes.parser.htm
dtypes.parser_Methods.htm
dtypes.parser.createBody.htm
dtypes.parser.createHeader.htm
dtypes.parser.parseBody.htm
dtypes.parser.parseHeader.htm
dtypes.parser.parsePriceData.htm
dtypes.Portfolio.htm
dtypes.Portfolio_Constructors.htm
dtypes.Portfolio.create.htm
dtypes.Portfolio_Methods.htm
dtypes.Portfolio.addBarsHelded.htm
dtypes.Portfolio.analyzePortFolio.htm
dtypes.Portfolio.close.htm
dtypes.Portfolio.closeAll.htm
dtypes.Portfolio.formReport.htm
dtypes.Portfolio.getBarsHelded.htm
dtypes.Portfolio.getcapitalLossMax.htm
dtypes.Portfolio.getcash.htm
dtypes.Portfolio.getDateIn.htm
dtypes.Portfolio.getDateOut.htm
dtypes.Portfolio.getEquity.htm
dtypes.Portfolio.getIsProfitness.htm
dtypes.Portfolio.getLoss.htm
dtypes.Portfolio.getLossDeals.htm
dtypes.Portfolio.getOpenProfit.htm
dtypes.Portfolio.getPercentage.htm
dtypes.Portfolio.getPositionOpenProfit.htm
dtypes.Portfolio.getPosProfit.htm
dtypes.Portfolio.getProfDeals.htm
dtypes.Portfolio.getProfit.htm
dtypes.Portfolio.getProfitFactor.htm
dtypes.Portfolio.getProfitness.htm
dtypes.Portfolio.getQuanIn.htm
dtypes.Portfolio.getQuanOut.htm
dtypes.Portfolio.getTotalProfit.htm
dtypes.Portfolio.getValIn.htm
dtypes.Portfolio.getValOut.htm
dtypes.Portfolio.loadCash.htm
dtypes.Portfolio.loadEqutiy.htm
dtypes.Portfolio.loadPortfolio.htm
dtypes.Portfolio.openNew.htm
dtypes.Portfolio.plotEquity.htm
dtypes.Portfolio.portToGrid.htm
dtypes.Portfolio.saveCash.htm
dtypes.Portfolio.saveEquity.htm
dtypes.Portfolio.savePortfolio.htm
dtypes.Portfolio.setBarHelded.htm
dtypes.Portfolio.setCash.htm
dtypes.Portfolio.setDateIn.htm
dtypes.Portfolio.setDateOut.htm
dtypes.Portfolio.setEquity.htm
dtypes.Portfolio.setIsProfitness.htm
dtypes.Portfolio.setPosProfit.htm
dtypes.Portfolio.setQuanIn.htm
dtypes.Portfolio.setQuanOut.htm
dtypes.Portfolio.setValIn.htm
dtypes.Portfolio.setValOut.htm
dtypes.Portfolio_Fields.htm
dtypes.Portfolio.capitalLossMax.htm
dtypes.Portfolio.cash.htm
dtypes.Portfolio.cashSeries.htm
dtypes.Portfolio.console.htm
dtypes.Portfolio.countL.htm
dtypes.Portfolio.countP.htm
dtypes.Portfolio.entryPoint.htm
dtypes.Portfolio.equity.htm
dtypes.Portfolio.equitySeries.htm
dtypes.Portfolio.name.htm
dtypes.Portfolio.portfolio_.htm
dtypes.Portfolio.profitArr.htm
dtypes.Portfolio.profitConsole.htm
dtypes.TDecisionMaker.htm
dtypes.TDecisionMaker_Constructors.htm
dtypes.TDecisionMaker.destroy.htm
dtypes.TDecisionMaker_Methods.htm
dtypes.TDecisionMaker.getDecision.htm
dtypes.TEMADecisionMaker.htm
dtypes.TEMADecisionMaker_Constructors.htm
dtypes.TEMADecisionMaker.destroy.htm
dtypes.TEMADecisionMaker_Methods.htm
dtypes.TEMADecisionMaker.getDecision.htm
dtypes.TEMAStrategy.htm
dtypes.TEMAStrategy_Constructors.htm
dtypes.TEMAStrategy.Create.htm
dtypes.TEMAStrategy.destroy.htm
dtypes.TEMAStrategy_Methods.htm
dtypes.TEMAStrategy.getCurrentDecision.htm
dtypes.TEMAStrategy.insertData.htm
dtypes.TEMAStrategy.PutIndikatorsToChart.htm
dtypes.TEMAStrategy.updateData.htm
dtypes.TEMAStrategy_Fields.htm
dtypes.TEMAStrategy.dec.htm
dtypes.TEMAStrategy.decisionMaker.htm
dtypes.TEMAStrategy.FastPeriod.htm
dtypes.TEMAStrategy.SlowPeriod.htm
dtypes.TEMAStrategy.tema1Indicator.htm
dtypes.TEMAStrategy.tema1Series.htm
dtypes.TEMAStrategy.tema2Indicator.htm
dtypes.TEMAStrategy.tema2Series.htm
dtypes.Tlog.htm
dtypes.Tlog_Constructors.htm
dtypes.Tlog.create.htm
dtypes.Tlog_Methods.htm
dtypes.Tlog.debug.htm
dtypes.Tlog.error.htm
dtypes.Tlog.PutMes.htm
dtypes.Tlog_Fields.htm
dtypes.Tlog.memo.htm
dtypes.TMailingList.htm
dtypes.TMailingList_Constructors.htm
dtypes.TMailingList.create.htm
dtypes.TMailingList.destroy.htm
dtypes.TMailingList_Methods.htm
dtypes.TMailingList.addMailingClient.htm
dtypes.TMailingList.CheckNewData.htm
dtypes.TMailingList.getCurrentDecision.htm
dtypes.TMailingList.init.htm
dtypes.TMailingList.insertData.htm
dtypes.TMailingList.plotToGrid.htm
dtypes.TMailingList.RemoveMailingClient.htm
dtypes.TMailingList.updateData.htm
dtypes.TMailingList_Fields.htm
dtypes.TMailingList.ArrayOfStrategy.htm
dtypes.TMailingList.outGrid_.htm
dtypes.TPriceAlertMessage.htm
dtypes.TPriceAlertMessage_Methods.htm
dtypes.TPriceAlertMessage.doAlert.htm
dtypes.TPriceAlertMessage.getAction.htm
dtypes.TPriceAlertMessage.getAlertHistID.htm
dtypes.TPriceAlertMessage.getClose.htm
dtypes.TPriceAlertMessage.getDate.htm
dtypes.TPriceAlertMessage.getHeader.htm
dtypes.TPriceAlertMessage.getHigh.htm
dtypes.TPriceAlertMessage.getLow.htm
dtypes.TPriceAlertMessage.getOpen.htm
dtypes.TPriceAlertMessage.getSender.htm
dtypes.TPriceAlertMessage_Fields.htm
dtypes.TPriceAlertMessage.alertStorage.htm
dtypes.TPriceAlertMessage.paper_no.htm
dtypes.TPriceAlertMessage.timeFrame.htm
dtypes.TPriceAlertNewMsg.htm
dtypes.TPriceAlertNewMsg_Constructors.htm
dtypes.TPriceAlertNewMsg.destroy.htm
dtypes.TPriceAlertNewMsg_Methods.htm
dtypes.TPriceAlertNewMsg.SetNew.htm
dtypes.TPriceAlertNewMsg_Fields.htm
dtypes.TPriceAlertNewMsg.vClose.htm
dtypes.TPriceAlertNewMsg.vDateTime.htm
dtypes.TPriceAlertNewMsg.vHigh.htm
dtypes.TPriceAlertNewMsg.vID.htm
dtypes.TPriceAlertNewMsg.vLow.htm
dtypes.TPriceAlertNewMsg.vOpen.htm
dtypes.TPriceAlertNewMsg.vOperation.htm
dtypes.TPriceAlertNewMsg.vPaperno.htm
dtypes.TPriceAlertNewMsg.vTimeFrame.htm
dtypes.TSignal.htm
dtypes.TSignal_Constructors.htm
dtypes.TSignal.Create.htm
dtypes.TSignal_Fields.htm
dtypes.TSignal.datum.htm
dtypes.TSignal.IdInAsset.htm
dtypes.TSignal.name.htm
dtypes.TSignal.price.htm
dtypes.TSignalizer.htm
dtypes.TSignalizer_Constructors.htm
dtypes.TSignalizer.create.htm
dtypes.TSignalizer_Methods.htm
dtypes.TSignalizer.clear.htm
dtypes.TSignalizer.doCheck.htm
dtypes.TSignalizer_Fields.htm
dtypes.TSignalizer.checkSingalSP.htm
dtypes.TSignalizer.getFutureSignalsSP.htm
dtypes.TSignalizer.getOldSignalsSP.htm
dtypes.TSignalizer.port.htm
dtypes.TSignalizer.storage.htm
dtypes.TSignalRecord.htm
dtypes.TSignalRecord_Constructors.htm
dtypes.TSignalRecord.create.htm
dtypes.TSignalRecord_Methods.htm
dtypes.TSignalRecord.getActiv_date.htm
dtypes.TSignalRecord.getAd_app_num.htm
dtypes.TSignalRecord.getBlock_comment.htm
dtypes.TSignalRecord.getDirect_date.htm
dtypes.TSignalRecord.getEmitent.htm
dtypes.TSignalRecord.getExec_price_date.htm
dtypes.TSignalRecord.getIs_blocked.htm
dtypes.TSignalRecord.getIs_executed.htm
dtypes.TSignalRecord.getIs_sended.htm
dtypes.TSignalRecord.getNum_lots.htm
dtypes.TSignalRecord.getPaper_no.htm
dtypes.TSignalRecord.getPrice.htm
dtypes.TSignalRecord.getSignal.htm
dtypes.TSignalRecord.getSignal_date.htm
dtypes.TSignalRecord.getSignal_id.htm
dtypes.TSignalRecord.getStrategy_id.htm
dtypes.TSignalRecord.getStrategy_name.htm
dtypes.TSignalRecord.getTreaty.htm
dtypes.TSignalRecord.getTry_execute_date.htm
dtypes.TSignalRecord.setActiv_date.htm
dtypes.TSignalRecord.setAd_app_num.htm
dtypes.TSignalRecord.setBlock_comment.htm
dtypes.TSignalRecord.setDirect_date.htm
dtypes.TSignalRecord.setEmitent.htm
dtypes.TSignalRecord.setExec_price_date.htm
dtypes.TSignalRecord.setIs_blocked.htm
dtypes.TSignalRecord.setIs_executed.htm
dtypes.TSignalRecord.setIs_sended.htm
dtypes.TSignalRecord.setNum_lots.htm
dtypes.TSignalRecord.setPaper_no.htm
dtypes.TSignalRecord.setPrice.htm
dtypes.TSignalRecord.setSignal.htm
dtypes.TSignalRecord.setSignal_date.htm
dtypes.TSignalRecord.setSignal_id.htm
dtypes.TSignalRecord.setStrategy_id.htm
dtypes.TSignalRecord.setStrategy_name.htm
dtypes.TSignalRecord.setTreaty.htm
dtypes.TSignalRecord.setTry_execute_date.htm
dtypes.TSignalRecord_Fields.htm
dtypes.TSignalRecord.activ_date.htm
dtypes.TSignalRecord.ad_app_num.htm
dtypes.TSignalRecord.block_comment.htm
dtypes.TSignalRecord.direct_date.htm
dtypes.TSignalRecord.emitent.htm
dtypes.TSignalRecord.exec_price_date.htm
dtypes.TSignalRecord.is_blocked.htm
dtypes.TSignalRecord.is_executed.htm
dtypes.TSignalRecord.is_sended.htm
dtypes.TSignalRecord.num_lots.htm
dtypes.TSignalRecord.paper_no.htm
dtypes.TSignalRecord.price.htm
dtypes.TSignalRecord.signal.htm
dtypes.TSignalRecord.signal_date.htm
dtypes.TSignalRecord.signal_id.htm
dtypes.TSignalRecord.strategy_id.htm
dtypes.TSignalRecord.strategy_name.htm
dtypes.TSignalRecord.treaty.htm
dtypes.TSignalRecord.try_execute_date.htm
dtypes.TStrategy.htm
dtypes.TStrategy_Constructors.htm
dtypes.TStrategy.destroy.htm
dtypes.TStrategy_Methods.htm
dtypes.TStrategy.addInternalSignal.htm
dtypes.TStrategy.addTradeSignal.htm
dtypes.TStrategy.addTradeSignalModeling.htm
dtypes.TStrategy.executeDecision.htm
dtypes.TStrategy.getCurrentDecision.htm
dtypes.TStrategy.getOptPars.htm
dtypes.TStrategy.insertData.htm
dtypes.TStrategy.mailSignal.htm
dtypes.TStrategy.printSignalsToMemo.htm
dtypes.TStrategy.PutAssetToChart.htm
dtypes.TStrategy.updateData.htm
dtypes.TStrategy_Fields.htm
dtypes.TStrategy.addSignal.htm
dtypes.TStrategy.Asset.htm
dtypes.TStrategy.AssetSeries.htm
dtypes.TStrategy.decision_lag.htm
dtypes.TStrategy.Form.htm
dtypes.TStrategy.id.htm
dtypes.TStrategy.idStrategy.htm
dtypes.TStrategy.internalLog.htm
dtypes.TStrategy.is_mod.htm
dtypes.TStrategy.mainConsole.htm
dtypes.TStrategy.MainLog.htm
dtypes.TStrategy.name_.htm
dtypes.TStrategy.signalizer.htm
dtypes.TStrategy.Signals.htm
dtypes.TStrategy.status.htm
dtypes.TStrategy.stopLevelLong.htm
dtypes.TStrategy.stopLevelShort.htm
dtypes.TStrategy.strategyConsole.htm
dtypes.TStrategy.timeFrame.htm
dtypes.TStrategy.treaty.htm
dtypes.WhereClause.htm
dtypes.WhereClause_Fields.htm
dtypes.WhereClause.header.htm
dtypes.WhereClause.value.htm
dtypes_Types.htm
dtypes.AOAOS.htm
dtypes.AOS.htm
GA.htm
GA_Classes.htm
GA.EWrongParameteres.htm
GA.TClassGA.htm
GA.TClassGA_Constructors.htm
GA.TClassGA.Create.htm
GA.TClassGA.destroy.htm
GA.TClassGA_Properties.htm
GA.TClassGA.DealsArray.htm
GA.TClassGA.GA.htm
GA.TClassGA.Res.htm
GA.TClassGA_Methods.htm
GA.TClassGA.CreateNew.htm
GA.TClassGA.DoControl.htm
GA.TClassGA.DoFinished.htm
GA.TClassGA.EventFinished.htm
GA.TClassGA_Fields.htm
GA.TClassGA.fAsset.htm
GA.TClassGA.fDealsArray.htm
GA.TClassGA.fGA.htm
GA.TClassGA.fID.htm
GA.TClassGA.fMoneyStart.htm
GA.TClassGA.fRes.htm
GA.TClassGA.fSignals.htm
GA.TClassGA.fStatus.htm
GA.TClassGA.fStpSetParamFixed.htm
GA.TClassGA.fStpSetStrategyFinRes.htm
GA.TGenFind.htm
GA.TGenFind_Constructors.htm
GA.TGenFind.Destroy.htm
GA.TGenFind_Properties.htm
GA.TGenFind.Asset.htm
GA.TGenFind.ChildsCount.htm
GA.TGenFind.ComissionSize.htm
GA.TGenFind.DealsArray.htm
GA.TGenFind.DiffPercentChilds.htm
GA.TGenFind.Finished.htm
GA.TGenFind.FirstGeneretionSize.htm
GA.TGenFind.InParamlist.htm
GA.TGenFind.LongDeal.htm
GA.TGenFind.MoneyStart.htm
GA.TGenFind.NeedFullSearch.htm
GA.TGenFind.PercentAreaExpan.htm
GA.TGenFind.PercentNotRelatives.htm
GA.TGenFind.ProgressBar.htm
GA.TGenFind.SearchMax.htm
GA.TGenFind.ShortDeal.htm
GA.TGenFind.Signals.htm
GA.TGenFind.StepCount.htm
GA.TGenFind.StepPassed.htm
GA.TGenFind.StopLossFixedParam.htm
GA.TGenFind.Strategy.htm
GA.TGenFind.TakeProfitFixedParam.htm
GA.TGenFind_Methods.htm
GA.TGenFind.DealsReturn.htm
GA.TGenFind.Execute.htm
GA.TGenFind.ExecuteClassic.htm
GA.TGenFind.FullSsearch.htm
GA.TGenFind.GetAsset.htm
GA.TGenFind.GetChildsCount.htm
GA.TGenFind.GetComissionSize.htm
GA.TGenFind.GetDealsArray.htm
GA.TGenFind.GetDiffPercentChilds.htm
GA.TGenFind.GetFinished.htm
GA.TGenFind.GetFirstGeneretionSize.htm
GA.TGenFind.GetForecastTime.htm
GA.TGenFind.GetInParamlist.htm
GA.TGenFind.GetIStrategy.htm
GA.TGenFind.GetLongDeal.htm
GA.TGenFind.GetMoneyStart.htm
GA.TGenFind.GetNeedFullSearch.htm
GA.TGenFind.GetOnFinished.htm
GA.TGenFind.GetOnStep.htm
GA.TGenFind.GetPercentAreaExpan.htm
GA.TGenFind.GetPercentNotRelatives.htm
GA.TGenFind.GetSearchMax.htm
GA.TGenFind.GetShortDeal.htm
GA.TGenFind.GetSignals.htm
GA.TGenFind.GetStepCount.htm
GA.TGenFind.GetStepPassed.htm
GA.TGenFind.GetStopLossFixedParam.htm
GA.TGenFind.GetTakeProfitFixedParam.htm
GA.TGenFind.SetAsset.htm
GA.TGenFind.SetChildsCount.htm
GA.TGenFind.SetComissionSize.htm
GA.TGenFind.SetDealsArray.htm
GA.TGenFind.SetDiffPercentChilds.htm
GA.TGenFind.SetFinished.htm
GA.TGenFind.SetFirstGeneretionSize.htm
GA.TGenFind.SetInParamlist.htm
GA.TGenFind.SetIStrategy.htm
GA.TGenFind.SetLongDeal.htm
GA.TGenFind.SetMoneyStart.htm
GA.TGenFind.SetNeedFullSearch.htm
GA.TGenFind.SetOnFinished.htm
GA.TGenFind.SetOnStep.htm
GA.TGenFind.SetPercentAreaExpan.htm
GA.TGenFind.SetPercentNotRelatives.htm
GA.TGenFind.SetSearchMax.htm
GA.TGenFind.SetShortDeal.htm
GA.TGenFind.SetSignals.htm
GA.TGenFind.SetStepCount.htm
GA.TGenFind.SetStepPassed.htm
GA.TGenFind.SetStopLossFixedParam.htm
GA.TGenFind.SetTakeProfitFixedParam.htm
GA.TGenFind_Events.htm
GA.TGenFind.OnFinished.htm
GA.TGenFind.OnStep.htm
GA.TGenFind_Fields.htm
GA.TGenFind.fAsset.htm
GA.TGenFind.fChildsCount.htm
GA.TGenFind.fComissionSize.htm
GA.TGenFind.fDealsArray.htm
GA.TGenFind.fDiffPercentChilds.htm
GA.TGenFind.fFinished.htm
GA.TGenFind.fFirstGeneretionSize.htm
GA.TGenFind.fHappy.htm
GA.TGenFind.fInParamlist.htm
GA.TGenFind.fLongDeal.htm
GA.TGenFind.fMoneyStart.htm
GA.TGenFind.fNeedFullSearch.htm
GA.TGenFind.fOnFinished.htm
GA.TGenFind.fOnMyEvent.htm
GA.TGenFind.fPercentAreaExpan.htm
GA.TGenFind.fPercentNotRelatives.htm
GA.TGenFind.FProgressBar.htm
GA.TGenFind.fResult.htm
GA.TGenFind.fSearchMax.htm
GA.TGenFind.fShortDeal.htm
GA.TGenFind.fSignals.htm
GA.TGenFind.fStepCount.htm
GA.TGenFind.fStepPassed.htm
GA.TGenFind.fStopLossFixedParam.htm
GA.TGenFind.fStrategy.htm
GA.TGenFind.fStrategyID.htm
GA.TGenFind.fTakeProfitFixedParam.htm
GA.TProgress.htm
GA.TProgress_Properties.htm
GA.TProgress.ControlVCL.htm
GA.TProgress_Methods.htm
GA.TProgress.DoControl.htm
GA.TProgress.GetControlVCL.htm
GA.TProgress.SetControlVCL.htm
GA.TProgress_Fields.htm
GA.TProgress.fControlVCL.htm
GA_Interfaces.htm
GA.IGenFind.htm
GA.IGenFind_Properties.htm
GA.IGenFind.Asset.htm
GA.IGenFind.ChildsCount.htm
GA.IGenFind.ComissionSize.htm
GA.IGenFind.DiffPercentChilds.htm
GA.IGenFind.Finished.htm
GA.IGenFind.FirstGeneretionSize.htm
GA.IGenFind.InParamlist.htm
GA.IGenFind.LongDeal.htm
GA.IGenFind.PercentAreaExpan.htm
GA.IGenFind.PercentNotRelatives.htm
GA.IGenFind.ShortDeal.htm
GA.IGenFind.StepCount.htm
GA.IGenFind.StepPassed.htm
GA.IGenFind.StopLossFixedParam.htm
GA.IGenFind.Strategy.htm
GA.IGenFind.TakeProfitFixedParam.htm
GA.IGenFind_Methods.htm
GA.IGenFind.Execute.htm
GA.IGenFind.ExecuteClassic.htm
GA.IGenFind.GetAsset.htm
GA.IGenFind.GetChildsCount.htm
GA.IGenFind.GetComissionSize.htm
GA.IGenFind.GetDiffPercentChilds.htm
GA.IGenFind.GetFinished.htm
GA.IGenFind.GetFirstGeneretionSize.htm
GA.IGenFind.GetForecastTime.htm
GA.IGenFind.GetInParamlist.htm
GA.IGenFind.GetIStrategy.htm
GA.IGenFind.GetLongDeal.htm
GA.IGenFind.GetOnFinished.htm
GA.IGenFind.GetOnStep.htm
GA.IGenFind.GetPercentAreaExpan.htm
GA.IGenFind.GetPercentNotRelatives.htm
GA.IGenFind.GetShortDeal.htm
GA.IGenFind.GetStepCount.htm
GA.IGenFind.GetStepPassed.htm
GA.IGenFind.GetStopLossFixedParam.htm
GA.IGenFind.GetTakeProfitFixedParam.htm
GA.IGenFind.SetAsset.htm
GA.IGenFind.SetChildsCount.htm
GA.IGenFind.SetComissionSize.htm
GA.IGenFind.SetDiffPercentChilds.htm
GA.IGenFind.SetFinished.htm
GA.IGenFind.SetFirstGeneretionSize.htm
GA.IGenFind.SetInParamlist.htm
GA.IGenFind.SetIStrategy.htm
GA.IGenFind.SetLongDeal.htm
GA.IGenFind.SetOnFinished.htm
GA.IGenFind.SetOnStep.htm
GA.IGenFind.SetPercentAreaExpan.htm
GA.IGenFind.SetPercentNotRelatives.htm
GA.IGenFind.SetShortDeal.htm
GA.IGenFind.SetStepCount.htm
GA.IGenFind.SetStepPassed.htm
GA.IGenFind.SetStopLossFixedParam.htm
GA.IGenFind.SetTakeProfitFixedParam.htm
GA.IGenFind_Events.htm
GA.IGenFind.OnFinished.htm
GA.IGenFind.OnStep.htm
GA.IProgress.htm
GA.IProgress_Methods.htm
GA.IProgress.DoControl.htm
GA_Delegates.htm
GA.TFinishedEvent.htm
GA.TStepEvent.htm
GA_Types.htm
GA.ArrayTClassGA.htm
GATune.htm
GATune_Classes.htm
GATune.TfmGATune.htm
GATune.TfmGATune_Methods.htm
GATune.TfmGATune.FormClose.htm
GATune.TfmGATune_Fields.htm
GATune.TfmGATune.Button1.htm
GATune.TfmGATune.chkFULLSEARCH.htm
GATune.TfmGATune.chkLONGDEAL.htm
GATune.TfmGATune.dbeChilds.htm
GATune.TfmGATune.dbeComiss.htm
GATune.TfmGATune.dbeDiff.htm
GATune.TfmGATune.dbeFirstPop.htm
GATune.TfmGATune.dbeForeign.htm
GATune.TfmGATune.dbePercent.htm
GATune.TfmGATune.dbeStep.htm
GATune.TfmGATune.dbeStopLoss.htm
GATune.TfmGATune.dbeTakeProfit.htm
GATune.TfmGATune.dblkcbbBT_GA_TUNE_ID.htm
GATune.TfmGATune.dbnvgr1.htm
GATune.TfmGATune.lbl1.htm
GATune.TfmGATune.lbl2.htm
GATune.TfmGATune.lbl3.htm
GATune.TfmGATune.lbl4.htm
GATune.TfmGATune.lbl5.htm
GATune.TfmGATune.lbl6.htm
GATune.TfmGATune.lbl7.htm
GATune.TfmGATune.lbl8.htm
GATune.TfmGATune.lbl9.htm
GATune.TfmGATune.pa1.htm
GATune_Variables.htm
GATune.fmGATune.htm
leastsquares.htm
leastsquares_Routines.htm
leastsquares.BuildChebyshevLeastSquares.htm
leastsquares.BuildChebyshevLeastSquaresConstrained.htm
leastsquares.BuildGeneralLeastSquares.htm
leastsquares.BuildLinearLeastSquares.htm
leastsquares.BuildPolynomialLeastSquares.htm
leastsquares.BuildSplineLeastSquares.htm
leastsquares.CalculateChebyshevLeastSquares.htm
Log.htm
Log_Classes.htm
Log.TfmLog.htm
Log_Variables.htm
Log.fmLog.htm
lq.htm
lq_Routines.htm
lq.LQDecomposition.htm
lq.LQDecompositionUnpacked.htm
lq.RMatrixLQ.htm
lq.RMatrixLQUnpackL.htm
lq.RMatrixLQUnpackQ.htm
lq.UnpackQFromLQ.htm
main.htm
main_Classes.htm
main.TfmMain.htm
main.TfmMain_Methods.htm
main.TfmMain.BackTesting1Click.htm
main.TfmMain.bStartClick.htm
main.TfmMain.eeeeeee1Click.htm
main.TfmMain.FormClose.htm
main.TfmMain.FormCreate.htm
main.TfmMain.FormDestroy.htm
main.TfmMain.FormShow.htm
main.TfmMain.N2Click.htm
main.TfmMain_Fields.htm
main.TfmMain.actlst1.htm
main.TfmMain.Arrange1.htm
main.TfmMain.BackTesting1.htm
main.TfmMain.bStart.htm
main.TfmMain.eeeeeee1.htm
main.TfmMain.ErrorLog.htm
main.TfmMain.MailingList.htm
main.TfmMain.maillog.htm
main.TfmMain.MainLog.htm
main.TfmMain.meError.htm
main.TfmMain.meMain.htm
main.TfmMain.mm.htm
main.TfmMain.mmWindows.htm
main.TfmMain.N1.htm
main.TfmMain.N2.htm
main.TfmMain.N3.htm
main.TfmMain.N4.htm
main.TfmMain.N5.htm
main.TfmMain.N6.htm
main.TfmMain.PageControl1.htm
main.TfmMain.paLog.htm
main.TfmMain.stBar.htm
main.TfmMain.stgMailList.htm
main.TfmMain.TabSheet1.htm
main.TfmMain.TabSheet2.htm
main.TfmMain.TabSheet3.htm
main.TfmMain.wndwcscd1.htm
main.TfmMain.wndwmnmzl1.htm
main.TfmMain.wndwrng1.htm
main.TfmMain.wndwtlhrzntl1.htm
main.TfmMain.wndwtlvrtcl1.htm
main_Variables.htm
main.fmMain.htm
msg.htm
msg_Classes.htm
msg.TfmMsg.htm
msg.TfmMsg_Methods.htm
msg.TfmMsg.Button1Click.htm
msg.TfmMsg.FormShow.htm
msg.TfmMsg_Fields.htm
msg.TfmMsg.Button1.htm
msg.TfmMsg.Label1.htm
msg_Variables.htm
msg.fmMsg.htm
qr.htm
qr_Routines.htm
qr.QRDecomposition.htm
qr.QRDecompositionUnpacked.htm
qr.RMatrixQR.htm
qr.RMatrixQRUnpackQ.htm
qr.RMatrixQRUnpackR.htm
qr.UnpackQFromQR.htm
reflections.htm
reflections_Routines.htm
reflections.ApplyReflectionFromTheLeft.htm
reflections.ApplyReflectionFromTheRight.htm
reflections.GenerateReflection.htm
rotations.htm
rotations_Routines.htm
rotations.ApplyRotationsFromTheLeft.htm
rotations.ApplyRotationsFromTheRight.htm
rotations.GenerateRotation.htm
spline3.htm
spline3_Routines.htm
spline3.BuildAkimaSpline.htm
spline3.BuildCubicSpline.htm
spline3.BuildHermiteSpline.htm
spline3.BuildLinearSpline.htm
spline3.DiffThreePoint.htm
spline3.HeapSortDPoints.htm
spline3.HeapSortPoints.htm
spline3.SolveTridiagonal.htm
spline3.Spline3BuildTable.htm
spline3.Spline3Interpolate.htm
spline3.SplineCopy.htm
spline3.SplineDifferentiation.htm
spline3.SplineIntegration.htm
spline3.SplineInterpolation.htm
spline3.SplineLinTransX.htm
spline3.SplineLinTransY.htm
spline3.SplineUnpack.htm
strategy.impl.htm
StrategyForm.htm
StrategyForm_Classes.htm
StrategyForm.TfmStrategy.htm
StrategyForm.TfmStrategy_Methods.htm
StrategyForm.TfmStrategy.bbCursorClick.htm
StrategyForm.TfmStrategy.bbEditClick.htm
StrategyForm.TfmStrategy.bbExportClick.htm
StrategyForm.TfmStrategy.bbLastClick.htm
StrategyForm.TfmStrategy.bbpaDataClick.htm
StrategyForm.TfmStrategy.bbScrollClick.htm
StrategyForm.TfmStrategy.btn7Click.htm
StrategyForm.TfmStrategy.Button6Click.htm
StrategyForm.TfmStrategy.CalcWidthMarkDB.htm
StrategyForm.TfmStrategy.ChartEditorClose.htm
StrategyForm.TfmStrategy.DBChartAfterDraw.htm
StrategyForm.TfmStrategy.dbChartCursorChange.htm
StrategyForm.TfmStrategy.DBChartHintGetText.htm
StrategyForm.TfmStrategy.DBChartKeyDown.htm
StrategyForm.TfmStrategy.DBChartResize.htm
StrategyForm.TfmStrategy.DBChartScroll.htm
StrategyForm.TfmStrategy.DBChartUndoZoom.htm
StrategyForm.TfmStrategy.DBChartZoom.htm
StrategyForm.TfmStrategy.DBchtScrollMainScroll.htm
StrategyForm.TfmStrategy.dbgMainCellClick.htm
StrategyForm.TfmStrategy.FormClose.htm
StrategyForm.TfmStrategy.FormCreate.htm
StrategyForm.TfmStrategy.LoadTee.htm
StrategyForm.TfmStrategy.pcDataChange.htm
StrategyForm.TfmStrategy.ScrollPagerScrolled.htm
StrategyForm.TfmStrategy.seChange.htm
StrategyForm.TfmStrategy.ToolButton2Click.htm
StrategyForm.TfmStrategy_Fields.htm
StrategyForm.TfmStrategy.ActionList.htm
StrategyForm.TfmStrategy.bbCursor.htm
StrategyForm.TfmStrategy.bbEdit.htm
StrategyForm.TfmStrategy.bbExport.htm
StrategyForm.TfmStrategy.bbLast.htm
StrategyForm.TfmStrategy.bbpaData.htm
StrategyForm.TfmStrategy.bbScroll.htm
StrategyForm.TfmStrategy.Blue.htm
StrategyForm.TfmStrategy.btn1.htm
StrategyForm.TfmStrategy.btn2.htm
StrategyForm.TfmStrategy.btn7.htm
StrategyForm.TfmStrategy.btnDBChartPrint1.htm
StrategyForm.TfmStrategy.Button5.htm
StrategyForm.TfmStrategy.Button6.htm
StrategyForm.TfmStrategy.Button8.htm
StrategyForm.TfmStrategy.ChartActionEdit1.htm
StrategyForm.TfmStrategy.ChartEditor.htm
StrategyForm.TfmStrategy.DBChart.htm
StrategyForm.TfmStrategy.dbChartCursor.htm
StrategyForm.TfmStrategy.DBChartEdit.htm
StrategyForm.TfmStrategy.DBChartHint.htm
StrategyForm.TfmStrategy.DBChartPrint.htm
StrategyForm.TfmStrategy.DBChartSave.htm
StrategyForm.TfmStrategy.DBchtScrollMain.htm
StrategyForm.TfmStrategy.dbgMain.htm
StrategyForm.TfmStrategy.dbgSignals.htm
StrategyForm.TfmStrategy.drwlntlChartTool1.htm
StrategyForm.TfmStrategy.dsMain.htm
StrategyForm.TfmStrategy.dsSignals.htm
StrategyForm.TfmStrategy.DT.htm
StrategyForm.TfmStrategy.extndfldVirtualTablevVolume.htm
StrategyForm.TfmStrategy.Green.htm
StrategyForm.TfmStrategy.ImageCollection1.htm
StrategyForm.TfmStrategy.lrgntfldIndikatorsid.htm
StrategyForm.TfmStrategy.meError.htm
StrategyForm.TfmStrategy.meStragegyInfo.htm
StrategyForm.TfmStrategy.N1.htm
StrategyForm.TfmStrategy.OnLegendPoint.htm
StrategyForm.TfmStrategy.OnSeriesPoint.htm
StrategyForm.TfmStrategy.paChart.htm
StrategyForm.TfmStrategy.paData.htm
StrategyForm.TfmStrategy.pcData.htm
StrategyForm.TfmStrategy.PopupMenu.htm
StrategyForm.TfmStrategy.price.htm
StrategyForm.TfmStrategy.sBuy_.htm
StrategyForm.TfmStrategy.sCandle_.htm
StrategyForm.TfmStrategy.ScrollPager.htm
StrategyForm.TfmStrategy.se.htm
StrategyForm.TfmStrategy.SeriesTextSource1.htm
StrategyForm.TfmStrategy.signal.htm
StrategyForm.TfmStrategy.sInd1.htm
StrategyForm.TfmStrategy.sInd2.htm
StrategyForm.TfmStrategy.spl1.htm
StrategyForm.TfmStrategy.spl2.htm
StrategyForm.TfmStrategy.sSell_.htm
StrategyForm.TfmStrategy.sVolume_.htm
StrategyForm.TfmStrategy.TabSheet4.htm
StrategyForm.TfmStrategy.taIndikators.htm
StrategyForm.TfmStrategy.taIndikatorsdt.htm
StrategyForm.TfmStrategy.taIndikatorsind2.htm
StrategyForm.TfmStrategy.taIndikatorsvInd1.htm
StrategyForm.TfmStrategy.taIndikatorsvXlabel.htm
StrategyForm.TfmStrategy.taSignals.htm
StrategyForm.TfmStrategy.TeeXMLSource1.htm
StrategyForm.TfmStrategy.tlb1.htm
StrategyForm.TfmStrategy.ToolButton2.htm
StrategyForm.TfmStrategy.ts2.htm
StrategyForm.TfmStrategy.tshMain.htm
StrategyForm.TfmStrategy.tshSignals.htm
StrategyForm.TfmStrategy.VirtualTable.htm
StrategyForm.TfmStrategy.VirtualTableASSETID.htm
StrategyForm.TfmStrategy.VirtualTableDT.htm
StrategyForm.TfmStrategy.VirtualTablePRICE.htm
StrategyForm.TfmStrategy.VirtualTableSIGNAL.htm
StrategyForm.TfmStrategy.VirtualTablevBuy.htm
StrategyForm.TfmStrategy.VirtualTablevClose.htm
StrategyForm.TfmStrategy.VirtualTablevDate.htm
StrategyForm.TfmStrategy.VirtualTablevHigh.htm
StrategyForm.TfmStrategy.VirtualTablevInd1.htm
StrategyForm.TfmStrategy.VirtualTablevInd2.htm
StrategyForm.TfmStrategy.VirtualTablevLow.htm
StrategyForm.TfmStrategy.VirtualTablevOpen.htm
StrategyForm.TfmStrategy.VirtualTablevSell.htm
StrategyForm.TfmStrategy.VirtualTablevXlabel.htm
StrategyForm.TfmStrategy.vrtlmglst1.htm
StrategyTune.htm
StrategyTune_Classes.htm
StrategyTune.TfmStrategyTune.htm
StrategyTune.TfmStrategyTune_Methods.htm
StrategyTune.TfmStrategyTune.bStartClick.htm
StrategyTune.TfmStrategyTune.dbgrdCellClick.htm
StrategyTune.TfmStrategyTune.dbgrdDrawColumnCell.htm
StrategyTune.TfmStrategyTune.FormClose.htm
StrategyTune.TfmStrategyTune.FormShow.htm
StrategyTune.TfmStrategyTune_Fields.htm
StrategyTune.TfmStrategyTune.bStart.htm
StrategyTune.TfmStrategyTune.dbgrd.htm
StrategyTune.TfmStrategyTune.dbgSysParams.htm
StrategyTune.TfmStrategyTune.DBNavigator1.htm
StrategyTune.TfmStrategyTune.dtpBegin.htm
StrategyTune.TfmStrategyTune.lbl1.htm
StrategyTune.TfmStrategyTune.Panel1.htm
StrategyTune_Variables.htm
StrategyTune.fmStrategyTune.htm
svd.htm
svd_Routines.htm
svd.RMatrixSVD.htm
svd.SVDDecomposition.htm
TEma.htm
TEma_Classes.htm
TEma.TEmaClass.htm
TEma.TEmaClass_Constructors.htm
TEma.TEmaClass.create.htm
TEma.TEmaClass.Destroy.htm
TEma.TEmaClass_Properties.htm
TEma.TEmaClass.Asset.htm
TEma.TEmaClass.SignalStorage.htm
TEma.TEmaClass_Methods.htm
TEma.TEmaClass.execute.htm
TEma.TEmaClass.FindInd.htm
TEma.TEmaClass.GetAsset.htm
TEma.TEmaClass.getCurrentDecision.htm
TEma.TEmaClass.GetIndDict.htm
TEma.TEmaClass.GetSignalStorage.htm
TEma.TEmaClass.SetAsset.htm
TEma.TEmaClass.SetIndDict.htm
TEma.TEmaClass.SetSignalStorage.htm
TEma.TEmaClass_Fields.htm
TEma.TEmaClass.fAsset.htm
TEma.TEmaClass.FastPeriod.htm
TEma.TEmaClass.fDict.htm
TEma.TEmaClass.FOnMyEvent.htm
TEma.TEmaClass.fSignalStorage.htm
TEma.TEmaClass.fTemp.htm
TEma.TEmaClass.SlowPeriod.htm
TEma.TEmaClass.tema1Indicator.htm
TEma.TEmaClass.tema2Indicator.htm
TEma_Records.htm
TEma.EMAIndicator.htm
TEma.EMAIndicator_Constructors.htm
TEma.EMAIndicator.create.htm
TEma.EMAIndicator_Methods.htm
TEma.EMAIndicator.init.htm
TEma.EMAIndicator.new_value.htm
TEma.EMAIndicator.update_value.htm
TEma.EMAIndicator_Fields.htm
TEma.EMAIndicator.method.htm
TEma.EMAIndicator.num_periods.htm
TEma.EMAIndicator.storage.htm
TEma.EMAIndicator.value.htm
TEma.TEMAIndicator.htm
TEma.TEMAIndicator_Constructors.htm
TEma.TEMAIndicator.create.htm
TEma.TEMAIndicator_Methods.htm
TEma.TEMAIndicator.getDelayedValue.htm
TEma.TEMAIndicator.init.htm
TEma.TEMAIndicator.new_value.htm
TEma.TEMAIndicator.update_value.htm
TEma.TEMAIndicator_Fields.htm
TEma.TEMAIndicator.emaIndicator1.htm
TEma.TEMAIndicator.emaIndicator2.htm
TEma.TEMAIndicator.emaIndicator3.htm
TEma.TEMAIndicator.method.htm
TEma.TEMAIndicator.num_periods.htm
TEma.TEMAIndicator.storage.htm
TEma.TEMAIndicator.value.htm
uAlertForm.htm
uAlertForm_Classes.htm
uAlertForm.TalertForm.htm
uAlertForm.TalertForm_Methods.htm
uAlertForm.TalertForm.Button1Click.htm
uAlertForm.TalertForm.Button2Click.htm
uAlertForm.TalertForm.FormCreate.htm
uAlertForm.TalertForm.Timer1Timer.htm
uAlertForm.TalertForm_Fields.htm
uAlertForm.TalertForm.appMakerAlerterLog.htm
uAlertForm.TalertForm.balanceAlerterLog.htm
uAlertForm.TalertForm.breakDownLog.htm
uAlertForm.TalertForm.errorLog.htm
uAlertForm.TalertForm.mainSystemLog.htm
uAlertForm.TalertForm.pageControl1.htm
uAlertForm.TalertForm.priceAlerterLog.htm
uAlertForm.TalertForm.smsLog.htm
uAlertForm.TalertForm.StoptakeLog.htm
uAlertForm.TalertForm.TabSheet1.htm
uAlertForm.TalertForm.TabSheet2.htm
uAlertForm.TalertForm.TabSheet3.htm
uAlertForm.TalertForm.TabSheet4.htm
uAlertForm.TalertForm.TabSheet5.htm
uAlertForm.TalertForm.TabSheet6.htm
uAlertForm.TalertForm.TabSheet7.htm
uAlertForm.TalertForm.TabSheet8.htm
uAlertForm.TalertForm.Timer1.htm
uAlertForm_Variables.htm
uAlertForm.alertForm.htm

Compile time: 0 minutes, 8 seconds
1,662	Topics
15,627	Local links
0	Internet links
0	Graphics


Created e:\work\xerobot\XE\Docs\Pas\CHM\iFURYTradeServer.chm, 1,039,882 bytes
Compression decreased file by 10,199,888 bytes.
